<?xml version="1.0" encoding="UTF-8"?>
<testng-results ignored="0" total="2" passed="2" failed="0" skipped="0">
  <reporter-output>
  </reporter-output>
  <suite started-at="2022-12-10T17:55:01 IST" name="Default suite" finished-at="2022-12-10T17:55:40 IST" duration-ms="38748">
    <groups>
      <group name="cucumber">
        <method signature="AbstractTestNGCucumberTests.runScenario(io.cucumber.testng.PickleWrapper,io.cucumber.testng.FeatureWrapper)[pri:0, instance:com.rmsi.runner.RunnerTest@3ba987b8]" name="runScenario" class="io.cucumber.testng.AbstractTestNGCucumberTests"/>
      </group> <!-- cucumber -->
    </groups>
    <test started-at="2022-12-10T17:55:01 IST" name="Default test" finished-at="2022-12-10T17:55:40 IST" duration-ms="38748">
      <class name="com.rmsi.runner.RunnerTest">
        <test-method is-config="true" signature="setUpClass(org.testng.ITestContext)[pri:0, instance:com.rmsi.runner.RunnerTest@3ba987b8]" started-at="2022-12-10T17:55:01 IST" name="setUpClass" finished-at="2022-12-10T17:55:03 IST" duration-ms="1624" status="PASS">
          <params>
            <param index="0">
              <value>
                <![CDATA[org.testng.TestRunner@543fe698]]>
              </value>
            </param>
          </params>
          <reporter-output>
          </reporter-output>
        </test-method> <!-- setUpClass -->
        <test-method signature="runScenario(io.cucumber.testng.PickleWrapper,io.cucumber.testng.FeatureWrapper)[pri:0, instance:com.rmsi.runner.RunnerTest@3ba987b8]" started-at="2022-12-10T17:55:03 IST" name="runScenario" description="Runs Cucumber Scenarios" data-provider="scenarios" finished-at="2022-12-10T17:55:23 IST" duration-ms="19813" status="PASS">
          <params>
            <param index="0">
              <value>
                <![CDATA["Verify Valid Login"]]>
              </value>
            </param>
            <param index="1">
              <value>
                <![CDATA["Login"]]>
              </value>
            </param>
          </params>
          <reporter-output>
          </reporter-output>
        </test-method> <!-- runScenario -->
        <test-method signature="runScenario(io.cucumber.testng.PickleWrapper,io.cucumber.testng.FeatureWrapper)[pri:0, instance:com.rmsi.runner.RunnerTest@3ba987b8]" started-at="2022-12-10T17:55:23 IST" name="runScenario" description="Runs Cucumber Scenarios" data-provider="scenarios" finished-at="2022-12-10T17:55:40 IST" duration-ms="17101" status="PASS">
          <params>
            <param index="0">
              <value>
                <![CDATA["Verify Valid Login"]]>
              </value>
            </param>
            <param index="1">
              <value>
                <![CDATA["Login"]]>
              </value>
            </param>
          </params>
          <reporter-output>
          </reporter-output>
        </test-method> <!-- runScenario -->
        <test-method is-config="true" signature="tearDownClass()[pri:0, instance:com.rmsi.runner.RunnerTest@3ba987b8]" started-at="2022-12-10T17:55:40 IST" name="tearDownClass" finished-at="2022-12-10T17:55:40 IST" duration-ms="106" status="PASS">
          <reporter-output>
          </reporter-output>
        </test-method> <!-- tearDownClass -->
      </class> <!-- com.rmsi.runner.RunnerTest -->
    </test> <!-- Default test -->
  </suite> <!-- Default suite -->
</testng-results>
