<?xml version="1.0" encoding="UTF-8"?>
<!-- Generated by org.testng.reporters.JUnitXMLReporter -->
<testsuite ignored="0" hostname="Balaji" failures="0" tests="4" name="Default test" time="44.086" errors="0" timestamp="2022-12-10T11:13:30 IST">
  <testcase classname="com.rmsi.test.LoginTest" name="invalidLoginTest" time="2.291"/>
  <testcase classname="com.rmsi.test.LoginTest" name="validLoginTest" time="5.29"/>
  <testcase classname="com.rmsi.test.LoginTest" name="validLoginTest" time="5.104"/>
  <testcase classname="com.rmsi.test.LoginTest" name="validLoginTest" time="5.219"/>
</testsuite> <!-- Default test -->
