<?xml version="1.0" encoding="UTF-8"?>
<testng-results ignored="0" total="4" passed="4" failed="0" skipped="0">
  <reporter-output>
  </reporter-output>
  <suite started-at="2022-12-10T12:03:34 IST" name="OpenEMR Suite" finished-at="2022-12-10T12:03:57 IST" duration-ms="22508">
    <groups>
    </groups>
    <test started-at="2022-12-10T12:03:34 IST" name="Login UI Test - CH" finished-at="2022-12-10T12:03:56 IST" duration-ms="21892">
      <class name="com.rmsi.test.LoginUITest">
        <test-method is-config="true" signature="setup(java.lang.String)[pri:0, instance:com.rmsi.test.LoginUITest@3ee37e5a]" started-at="2022-12-10T12:03:34 IST" name="setup" finished-at="2022-12-10T12:03:47 IST" duration-ms="12993" status="PASS">
          <params>
            <param index="0">
              <value>
                <![CDATA[ch]]>
              </value>
            </param>
          </params>
          <reporter-output>
          </reporter-output>
        </test-method> <!-- setup -->
        <test-method signature="validateHeaderTest()[pri:0, instance:com.rmsi.test.LoginUITest@3ee37e5a]" started-at="2022-12-10T12:03:47 IST" name="validateHeaderTest" finished-at="2022-12-10T12:03:47 IST" duration-ms="190" status="PASS">
          <reporter-output>
          </reporter-output>
        </test-method> <!-- validateHeaderTest -->
        <test-method is-config="true" signature="teardown()[pri:0, instance:com.rmsi.test.LoginUITest@3ee37e5a]" started-at="2022-12-10T12:03:47 IST" name="teardown" finished-at="2022-12-10T12:03:48 IST" duration-ms="783" status="PASS">
          <reporter-output>
          </reporter-output>
        </test-method> <!-- teardown -->
        <test-method is-config="true" signature="setup(java.lang.String)[pri:0, instance:com.rmsi.test.LoginUITest@3ee37e5a]" started-at="2022-12-10T12:03:48 IST" name="setup" finished-at="2022-12-10T12:03:55 IST" duration-ms="7175" status="PASS">
          <params>
            <param index="0">
              <value>
                <![CDATA[ch]]>
              </value>
            </param>
          </params>
          <reporter-output>
          </reporter-output>
        </test-method> <!-- setup -->
        <test-method signature="validateTitleTest()[pri:0, instance:com.rmsi.test.LoginUITest@3ee37e5a]" started-at="2022-12-10T12:03:55 IST" name="validateTitleTest" finished-at="2022-12-10T12:03:55 IST" duration-ms="34" status="PASS">
          <reporter-output>
          </reporter-output>
        </test-method> <!-- validateTitleTest -->
        <test-method is-config="true" signature="teardown()[pri:0, instance:com.rmsi.test.LoginUITest@3ee37e5a]" started-at="2022-12-10T12:03:55 IST" name="teardown" finished-at="2022-12-10T12:03:56 IST" duration-ms="652" status="PASS">
          <reporter-output>
          </reporter-output>
        </test-method> <!-- teardown -->
      </class> <!-- com.rmsi.test.LoginUITest -->
    </test> <!-- Login UI Test - CH -->
    <test started-at="2022-12-10T12:03:34 IST" name="Login UI Test - Edge" finished-at="2022-12-10T12:03:57 IST" duration-ms="22508">
      <class name="com.rmsi.test.LoginUITest">
        <test-method is-config="true" signature="setup(java.lang.String)[pri:0, instance:com.rmsi.test.LoginUITest@4145bad8]" started-at="2022-12-10T12:03:34 IST" name="setup" finished-at="2022-12-10T12:03:47 IST" duration-ms="13113" status="PASS">
          <params>
            <param index="0">
              <value>
                <![CDATA[edge]]>
              </value>
            </param>
          </params>
          <reporter-output>
          </reporter-output>
        </test-method> <!-- setup -->
        <test-method signature="validateHeaderTest()[pri:0, instance:com.rmsi.test.LoginUITest@4145bad8]" started-at="2022-12-10T12:03:47 IST" name="validateHeaderTest" finished-at="2022-12-10T12:03:47 IST" duration-ms="73" status="PASS">
          <reporter-output>
          </reporter-output>
        </test-method> <!-- validateHeaderTest -->
        <test-method is-config="true" signature="teardown()[pri:0, instance:com.rmsi.test.LoginUITest@4145bad8]" started-at="2022-12-10T12:03:47 IST" name="teardown" finished-at="2022-12-10T12:03:48 IST" duration-ms="794" status="PASS">
          <reporter-output>
          </reporter-output>
        </test-method> <!-- teardown -->
        <test-method is-config="true" signature="setup(java.lang.String)[pri:0, instance:com.rmsi.test.LoginUITest@4145bad8]" started-at="2022-12-10T12:03:48 IST" name="setup" finished-at="2022-12-10T12:03:56 IST" duration-ms="8057" status="PASS">
          <params>
            <param index="0">
              <value>
                <![CDATA[edge]]>
              </value>
            </param>
          </params>
          <reporter-output>
          </reporter-output>
        </test-method> <!-- setup -->
        <test-method signature="validateTitleTest()[pri:0, instance:com.rmsi.test.LoginUITest@4145bad8]" started-at="2022-12-10T12:03:56 IST" name="validateTitleTest" finished-at="2022-12-10T12:03:56 IST" duration-ms="16" status="PASS">
          <reporter-output>
          </reporter-output>
        </test-method> <!-- validateTitleTest -->
        <test-method is-config="true" signature="teardown()[pri:0, instance:com.rmsi.test.LoginUITest@4145bad8]" started-at="2022-12-10T12:03:56 IST" name="teardown" finished-at="2022-12-10T12:03:57 IST" duration-ms="399" status="PASS">
          <reporter-output>
          </reporter-output>
        </test-method> <!-- teardown -->
      </class> <!-- com.rmsi.test.LoginUITest -->
    </test> <!-- Login UI Test - Edge -->
  </suite> <!-- OpenEMR Suite -->
</testng-results>
